e:\放放代码\ur3\ur3\debug\main.obj
e:\放放代码\ur3\ur3\debug\vc100.pdb
e:\放放代码\ur3\debug\ur3.ilk
e:\放放代码\ur3\debug\ur3.exe
e:\放放代码\ur3\ur3\debug\ur3.exe.intermediate.manifest
e:\放放代码\ur3\debug\ur3.pdb
e:\放放代码\ur3\ur3\debug\ur3.exe.embed.manifest
e:\放放代码\ur3\ur3\debug\ur3.exe.embed.manifest.res
d:\project\ur3机器臂\ur3\ur3\debug\vc140.pdb
d:\project\ur3机器臂\ur3\ur3\debug\vc140.idb
d:\project\ur3机器臂\ur3\ur3\debug\main.obj
d:\project\ur3机器臂\ur3\ur3\debug\cl.command.1.tlog
d:\project\ur3机器臂\ur3\ur3\debug\cl.read.1.tlog
d:\project\ur3机器臂\ur3\ur3\debug\cl.write.1.tlog
d:\project\ur3机器臂\ur3\ur3\debug\link-cvtres.read.1.tlog
d:\project\ur3机器臂\ur3\ur3\debug\link-cvtres.write.1.tlog
d:\project\ur3机器臂\ur3\ur3\debug\link.3736-cvtres.read.1.tlog
d:\project\ur3机器臂\ur3\ur3\debug\link.3736-cvtres.write.1.tlog
d:\project\ur3机器臂\ur3\ur3\debug\link.3736.read.1.tlog
d:\project\ur3机器臂\ur3\ur3\debug\link.3736.write.1.tlog
d:\project\ur3机器臂\ur3\ur3\debug\link.7044-cvtres.read.1.tlog
d:\project\ur3机器臂\ur3\ur3\debug\link.7044-cvtres.write.1.tlog
d:\project\ur3机器臂\ur3\ur3\debug\link.7044.read.1.tlog
d:\project\ur3机器臂\ur3\ur3\debug\link.7044.write.1.tlog
d:\project\ur3机器臂\ur3\ur3\debug\link.command.1.tlog
d:\project\ur3机器臂\ur3\ur3\debug\link.read.1.tlog
d:\project\ur3机器臂\ur3\ur3\debug\link.write.1.tlog
d:\project\ur3机器臂\ur3\ur3\debug\mt.command.1.tlog
d:\project\ur3机器臂\ur3\ur3\debug\mt.read.1.tlog
d:\project\ur3机器臂\ur3\ur3\debug\mt.write.1.tlog
d:\project\ur3机器臂\ur3\ur3\debug\rc.command.1.tlog
d:\project\ur3机器臂\ur3\ur3\debug\rc.read.1.tlog
d:\project\ur3机器臂\ur3\ur3\debug\rc.write.1.tlog
d:\project\ur3机器臂\ur3\ur3\debug\ur3.exe.embed.manifest
d:\project\ur3机器臂\ur3\ur3\debug\ur3.exe.intermediate.manifest
d:\project\ur3机器臂\ur3\ur3\debug\ur3.exe.embed.manifest.res
d:\project\ur3机器臂\ur3\ur3\debug\vc100.idb
d:\project\ur3机器臂\ur3\ur3\debug\vc100.pdb
d:\project\ur3机器臂\ur3\ur3\debug\ur3_manifest.rc
d:\project\ur3机器臂\ur3\ur3\debug\ur3.tlog\cl.command.1.tlog
d:\project\ur3机器臂\ur3\ur3\debug\ur3.tlog\cl.read.1.tlog
d:\project\ur3机器臂\ur3\ur3\debug\ur3.tlog\cl.write.1.tlog
d:\project\ur3机器臂\ur3\ur3\debug\ur3.tlog\link-cvtres.read.1.tlog
d:\project\ur3机器臂\ur3\ur3\debug\ur3.tlog\link-cvtres.write.1.tlog
d:\project\ur3机器臂\ur3\ur3\debug\ur3.tlog\link-rc.read.1.tlog
d:\project\ur3机器臂\ur3\ur3\debug\ur3.tlog\link-rc.write.1.tlog
d:\project\ur3机器臂\ur3\ur3\debug\ur3.tlog\link.command.1.tlog
d:\project\ur3机器臂\ur3\ur3\debug\ur3.tlog\link.read.1.tlog
d:\project\ur3机器臂\ur3\ur3\debug\ur3.tlog\link.write.1.tlog
